<<<<<<< HEAD
{"level":"info","message":"Application started","timestamp":"2024-11-22T19:52:58.972Z"}
{"level":"error","message":"An error occurred","timestamp":"2024-11-22T19:52:58.975Z"}
{"level":"info","message":"Application started","timestamp":"2024-11-22T19:56:48.259Z"}
{"level":"error","message":"An error occurred","timestamp":"2024-11-22T19:56:48.262Z"}
{"level":"info","message":"Application started","timestamp":"2024-11-22T19:57:04.887Z"}
{"level":"error","message":"An error occurred","timestamp":"2024-11-22T19:57:04.889Z"}
{"level":"info","message":"Application started","timestamp":"2024-11-22T20:00:59.998Z"}
{"level":"error","message":"An error occurred","timestamp":"2024-11-22T20:01:00.001Z"}
{"level":"info","message":"Application started","timestamp":"2024-11-22T20:01:04.338Z"}
{"level":"error","message":"An error occurred","timestamp":"2024-11-22T20:01:04.340Z"}
{"level":"info","message":"Application started","timestamp":"2024-11-27T14:22:19.458Z"}
{"level":"error","message":"An error occurred","timestamp":"2024-11-27T14:22:19.461Z"}
{"level":"info","message":"Application started","timestamp":"2024-11-27T15:44:09.648Z"}
{"level":"error","message":"An error occurred","timestamp":"2024-11-27T15:44:09.650Z"}
{"level":"info","message":"Application started","timestamp":"2024-11-27T15:45:24.430Z"}
{"level":"error","message":"An error occurred","timestamp":"2024-11-27T15:45:24.432Z"}
{"level":"info","message":"Application started","timestamp":"2024-11-27T15:49:21.495Z"}
{"level":"error","message":"An error occurred","timestamp":"2024-11-27T15:49:21.497Z"}
{"level":"info","message":"Application started","timestamp":"2024-11-27T15:51:04.250Z"}
{"level":"error","message":"An error occurred","timestamp":"2024-11-27T15:51:04.252Z"}
{"level":"info","message":"Application started","timestamp":"2024-11-27T16:21:32.407Z"}
{"level":"error","message":"An error occurred","timestamp":"2024-11-27T16:21:32.409Z"}
{"level":"info","message":"Application started","timestamp":"2024-11-27T16:24:34.631Z"}
{"level":"error","message":"An error occurred","timestamp":"2024-11-27T16:24:34.633Z"}
{"level":"info","message":"Application started","timestamp":"2024-11-27T16:25:24.304Z"}
{"level":"error","message":"An error occurred","timestamp":"2024-11-27T16:25:24.307Z"}
{"level":"info","message":"Application started","timestamp":"2024-11-27T16:32:28.320Z"}
{"level":"error","message":"An error occurred","timestamp":"2024-11-27T16:32:28.322Z"}
{"level":"info","message":"Application started","timestamp":"2024-11-29T14:16:54.523Z"}
{"level":"error","message":"An error occurred","timestamp":"2024-11-29T14:16:54.525Z"}
{"level":"info","message":"Application started","timestamp":"2024-11-29T14:45:36.390Z"}
{"level":"error","message":"An error occurred","timestamp":"2024-11-29T14:45:36.392Z"}
{"level":"info","message":"Application started","timestamp":"2024-11-29T15:12:47.588Z"}
{"level":"error","message":"An error occurred","timestamp":"2024-11-29T15:12:47.590Z"}
{"level":"info","message":"Application started","timestamp":"2024-11-29T15:18:26.145Z"}
{"level":"error","message":"An error occurred","timestamp":"2024-11-29T15:18:26.148Z"}
{"level":"info","message":"Application started","timestamp":"2024-11-29T15:20:02.812Z"}
{"level":"error","message":"An error occurred","timestamp":"2024-11-29T15:20:02.814Z"}
{"level":"info","message":"Application started","timestamp":"2024-11-29T15:24:15.802Z"}
{"level":"error","message":"An error occurred","timestamp":"2024-11-29T15:24:15.804Z"}
{"level":"info","message":"Application started","timestamp":"2024-11-29T15:26:19.561Z"}
{"level":"error","message":"An error occurred","timestamp":"2024-11-29T15:26:19.563Z"}
{"level":"info","message":"Application started","timestamp":"2024-11-29T15:27:09.470Z"}
{"level":"error","message":"An error occurred","timestamp":"2024-11-29T15:27:09.473Z"}
{"level":"info","message":"Application started","timestamp":"2024-11-29T15:51:20.239Z"}
{"level":"error","message":"An error occurred","timestamp":"2024-11-29T15:51:20.240Z"}
{"level":"info","message":"Application started","timestamp":"2024-11-30T03:11:58.449Z"}
{"level":"error","message":"An error occurred","timestamp":"2024-11-30T03:11:58.452Z"}
{"level":"info","message":"Application started","timestamp":"2024-12-09T09:34:19.958Z"}
{"level":"error","message":"An error occurred","timestamp":"2024-12-09T09:34:19.962Z"}
{"level":"info","message":"Application started","timestamp":"2024-12-09T09:49:28.693Z"}
{"level":"error","message":"An error occurred","timestamp":"2024-12-09T09:49:28.695Z"}
{"level":"info","message":"Application started","timestamp":"2024-12-09T09:52:38.164Z"}
{"level":"error","message":"An error occurred","timestamp":"2024-12-09T09:52:38.166Z"}
{"level":"info","message":"Application started","timestamp":"2024-12-09T09:54:31.304Z"}
{"level":"error","message":"An error occurred","timestamp":"2024-12-09T09:54:31.306Z"}
{"level":"info","message":"Application started","timestamp":"2024-12-09T09:55:57.249Z"}
{"level":"error","message":"An error occurred","timestamp":"2024-12-09T09:55:57.251Z"}
{"level":"info","message":"Application started","timestamp":"2024-12-09T10:04:50.705Z"}
{"level":"error","message":"An error occurred","timestamp":"2024-12-09T10:04:50.707Z"}
=======
{"level":"info","message":"MongoDB connected successfully","service":"user-service","timestamp":"2024-11-29T14:26:47.418Z"}
{"level":"info","message":"Server running on http://localhost:3000","service":"user-service","timestamp":"2024-11-29T14:26:47.439Z"}
>>>>>>> eb4046408960666168531c8f3122954f0e751f3e
